2022-03-05 14:53:28,112 ERROR [main] UserInterface:43 - Policy number is invalid.
2022-03-05 14:55:42,749 ERROR [main] UserInterface:43 - Policy number is invalid.
2022-03-05 14:56:39,577 ERROR [main] UserInterface:43 - Policy number is invalid.
2022-03-05 14:57:25,805 ERROR [main] UserInterface:43 - Policy number is invalid.
2022-03-05 15:04:37,462  INFO [main] UserInterface:40 - The policy successfully added with policy number: -WL-553912
2022-03-05 15:06:05,053  INFO [main] UserInterface:41 - The policy successfully added with policy number: -WL-553912
2022-03-05 15:06:27,656  INFO [main] UserInterface:41 - The policy successfully added with policy number: -WL-553912
2022-03-05 15:06:27,661  INFO [main] UserInterface:55 - PolicyReportDTO [policyNumber=TL-309981, policyHolderName=Maria, policyHolderAge=33.0, tenureInMonths=300]
2022-03-05 15:06:27,664  INFO [main] UserInterface:55 - PolicyReportDTO [policyNumber=TL-552189, policyHolderName=Roger, policyHolderAge=47.0, tenureInMonths=100]
2022-03-05 15:06:27,664  INFO [main] UserInterface:55 - PolicyReportDTO [policyNumber=TL-002319, policyHolderName=John M, policyHolderAge=15.0, tenureInMonths=420]
2022-03-05 15:07:18,284  INFO [main] UserInterface:41 - The policy successfully added with policy number: WL-553912
2022-03-05 15:07:18,289  INFO [main] UserInterface:55 - PolicyReportDTO [policyNumber=TL-309981, policyHolderName=Maria, policyHolderAge=33.0, tenureInMonths=300]
2022-03-05 15:07:18,291  INFO [main] UserInterface:55 - PolicyReportDTO [policyNumber=TL-552189, policyHolderName=Roger, policyHolderAge=47.0, tenureInMonths=100]
2022-03-05 15:07:18,292  INFO [main] UserInterface:55 - PolicyReportDTO [policyNumber=TL-002319, policyHolderName=John M, policyHolderAge=15.0, tenureInMonths=420]
2022-03-05 15:14:02,021  INFO [main] UserInterface:41 - The policy successfully added with policy number: WL-553912
2022-03-05 15:14:02,028  INFO [main] UserInterface:55 - PolicyReportDTO [policyNumber=TL-309981, policyHolderName=Maria, policyHolderAge=33.0, tenureInMonths=300]
2022-03-05 15:14:02,031  INFO [main] UserInterface:55 - PolicyReportDTO [policyNumber=TL-552189, policyHolderName=Roger, policyHolderAge=47.0, tenureInMonths=100]
2022-03-05 15:14:02,032  INFO [main] UserInterface:55 - PolicyReportDTO [policyNumber=TL-002319, policyHolderName=John M, policyHolderAge=15.0, tenureInMonths=420]
2022-03-05 15:14:14,363  INFO [main] UserInterface:41 - The policy successfully added with policy number: WL-553912
2022-03-05 15:14:14,368  INFO [main] UserInterface:55 - PolicyReportDTO [policyNumber=TL-309981, policyHolderName=Maria, policyHolderAge=33.0, tenureInMonths=300]
2022-03-05 15:14:14,372  INFO [main] UserInterface:55 - PolicyReportDTO [policyNumber=TL-552189, policyHolderName=Roger, policyHolderAge=47.0, tenureInMonths=100]
2022-03-05 15:14:14,372  INFO [main] UserInterface:55 - PolicyReportDTO [policyNumber=TL-002319, policyHolderName=John M, policyHolderAge=15.0, tenureInMonths=420]
2022-03-05 15:14:36,526  INFO [main] UserInterface:41 - The policy successfully added with policy number: WL-553912
2022-03-05 15:14:36,535  INFO [main] UserInterface:55 - PolicyReportDTO [policyNumber=TL-309981, policyHolderName=Maria, policyHolderAge=33.0, tenureInMonths=300]
2022-03-05 15:14:36,541  INFO [main] UserInterface:55 - PolicyReportDTO [policyNumber=TL-552189, policyHolderName=Roger, policyHolderAge=47.0, tenureInMonths=100]
2022-03-05 15:14:36,541  INFO [main] UserInterface:55 - PolicyReportDTO [policyNumber=TL-002319, policyHolderName=John M, policyHolderAge=15.0, tenureInMonths=420]
2022-03-05 15:16:35,709  INFO [main] UserInterface:41 - The policy successfully added with policy number: WL-553912
2022-03-05 15:16:35,716  INFO [main] UserInterface:55 - PolicyReportDTO [policyNumber=TL-309981, policyHolderName=Maria, policyHolderAge=33.0, tenureInMonths=300]
2022-03-05 15:16:35,720  INFO [main] UserInterface:55 - PolicyReportDTO [policyNumber=TL-552189, policyHolderName=Roger, policyHolderAge=47.0, tenureInMonths=100]
2022-03-05 15:16:35,721  INFO [main] UserInterface:55 - PolicyReportDTO [policyNumber=TL-002319, policyHolderName=John M, policyHolderAge=15.0, tenureInMonths=420]
2022-03-05 15:17:38,138  INFO [main] UserInterface:41 - The policy successfully added with policy number: WL-553912
2022-03-05 15:17:38,144  INFO [main] UserInterface:55 - PolicyReportDTO [policyNumber=WP-774312, policyHolderName=Tom, policyHolderAge=35.0, tenureInMonths=300]
2022-03-05 15:17:38,147  INFO [main] UserInterface:55 - PolicyReportDTO [policyNumber=WP-900012, policyHolderName=Pamela, policyHolderAge=23.0, tenureInMonths=360]
2022-03-05 15:17:38,148  INFO [main] UserInterface:55 - PolicyReportDTO [policyNumber=WP-991423, policyHolderName=Joey T, policyHolderAge=11.0, tenureInMonths=420]
2022-03-05 15:17:38,149  INFO [main] UserInterface:55 - PolicyReportDTO [policyNumber=WP-100098, policyHolderName=Tim, policyHolderAge=29.0, tenureInMonths=330]
2022-03-05 15:17:38,150  INFO [main] UserInterface:55 - PolicyReportDTO [policyNumber=WP-887132, policyHolderName=Alia, policyHolderAge=39.0, tenureInMonths=252]
2022-03-05 15:17:38,152  INFO [main] UserInterface:55 - PolicyReportDTO [policyNumber=WP-000057, policyHolderName=Ranger, policyHolderAge=58.0, tenureInMonths=84]
2022-03-05 15:17:38,153  INFO [main] UserInterface:55 - PolicyReportDTO [policyNumber=WP-678997, policyHolderName=Peter, policyHolderAge=8.0, tenureInMonths=240]
2022-03-05 15:19:06,253  INFO [main] UserInterface:41 - The policy successfully added with policy number: WL-553912
2022-03-05 15:19:06,258  INFO [main] UserInterface:55 - PolicyReportDTO [policyNumber=WP-774312, policyHolderName=Tom, policyHolderAge=35.0, tenureInMonths=300]
2022-03-05 15:19:06,261  INFO [main] UserInterface:55 - PolicyReportDTO [policyNumber=WP-900012, policyHolderName=Pamela, policyHolderAge=23.0, tenureInMonths=360]
2022-03-05 15:19:06,261  INFO [main] UserInterface:55 - PolicyReportDTO [policyNumber=WP-991423, policyHolderName=Joey T, policyHolderAge=11.0, tenureInMonths=420]
2022-03-05 15:19:06,261  INFO [main] UserInterface:55 - PolicyReportDTO [policyNumber=WP-100098, policyHolderName=Tim, policyHolderAge=29.0, tenureInMonths=330]
2022-03-05 15:19:06,261  INFO [main] UserInterface:55 - PolicyReportDTO [policyNumber=WP-887132, policyHolderName=Alia, policyHolderAge=39.0, tenureInMonths=252]
2022-03-05 15:19:06,262  INFO [main] UserInterface:55 - PolicyReportDTO [policyNumber=WP-000057, policyHolderName=Ranger, policyHolderAge=58.0, tenureInMonths=84]
2022-03-05 15:19:06,262  INFO [main] UserInterface:55 - PolicyReportDTO [policyNumber=WP-678997, policyHolderName=Peter, policyHolderAge=8.0, tenureInMonths=240]
2022-03-05 15:28:59,579  INFO [main] UserInterface:41 - The policy successfully added with policy number: WL-553912
2022-03-05 15:28:59,586  INFO [main] UserInterface:55 - PolicyReportDTO [policyNumber=WP-774312, policyHolderName=Tom, policyHolderAge=35.0, tenureInMonths=300]
2022-03-05 15:28:59,589  INFO [main] UserInterface:55 - PolicyReportDTO [policyNumber=WP-900012, policyHolderName=Pamela, policyHolderAge=23.0, tenureInMonths=360]
2022-03-05 15:28:59,590  INFO [main] UserInterface:55 - PolicyReportDTO [policyNumber=WP-991423, policyHolderName=Joey T, policyHolderAge=11.0, tenureInMonths=420]
2022-03-05 15:28:59,590  INFO [main] UserInterface:55 - PolicyReportDTO [policyNumber=WP-100098, policyHolderName=Tim, policyHolderAge=29.0, tenureInMonths=330]
2022-03-05 15:28:59,590  INFO [main] UserInterface:55 - PolicyReportDTO [policyNumber=WP-887132, policyHolderName=Alia, policyHolderAge=39.0, tenureInMonths=252]
2022-03-05 15:28:59,591  INFO [main] UserInterface:55 - PolicyReportDTO [policyNumber=WP-000057, policyHolderName=Ranger, policyHolderAge=58.0, tenureInMonths=84]
2022-03-05 15:28:59,591  INFO [main] UserInterface:55 - PolicyReportDTO [policyNumber=WP-678997, policyHolderName=Peter, policyHolderAge=8.0, tenureInMonths=240]
2022-03-05 15:30:37,707  INFO [main] UserInterface:41 - The policy successfully added with policy number: WL-553912
2022-03-05 15:30:37,719  INFO [main] UserInterface:55 - PolicyReportDTO [policyNumber=WP-774312, policyHolderName=Tom, policyHolderAge=35.0, tenureInMonths=300]
2022-03-05 15:30:37,723  INFO [main] UserInterface:55 - PolicyReportDTO [policyNumber=WP-900012, policyHolderName=Pamela, policyHolderAge=23.0, tenureInMonths=360]
2022-03-05 15:30:37,723  INFO [main] UserInterface:55 - PolicyReportDTO [policyNumber=WP-991423, policyHolderName=Joey T, policyHolderAge=11.0, tenureInMonths=420]
2022-03-05 15:30:37,724  INFO [main] UserInterface:55 - PolicyReportDTO [policyNumber=WP-100098, policyHolderName=Tim, policyHolderAge=29.0, tenureInMonths=330]
2022-03-05 15:30:37,724  INFO [main] UserInterface:55 - PolicyReportDTO [policyNumber=WP-887132, policyHolderName=Alia, policyHolderAge=39.0, tenureInMonths=252]
2022-03-05 15:30:37,726  INFO [main] UserInterface:55 - PolicyReportDTO [policyNumber=WP-000057, policyHolderName=Ranger, policyHolderAge=58.0, tenureInMonths=84]
2022-03-05 15:30:37,726  INFO [main] UserInterface:55 - PolicyReportDTO [policyNumber=WP-678997, policyHolderName=Peter, policyHolderAge=8.0, tenureInMonths=240]
2022-03-05 15:34:52,893  INFO [main] UserInterface:41 - The policy successfully added with policy number: WL-553912
2022-03-05 15:34:52,907  INFO [main] UserInterface:55 - PolicyReportDTO [policyNumber=WP-774312, policyHolderName=Tom, policyHolderAge=35.0, tenureInMonths=300]
2022-03-05 15:34:52,919  INFO [main] UserInterface:55 - PolicyReportDTO [policyNumber=WP-900012, policyHolderName=Pamela, policyHolderAge=23.0, tenureInMonths=360]
2022-03-05 15:34:52,920  INFO [main] UserInterface:55 - PolicyReportDTO [policyNumber=WP-991423, policyHolderName=Joey T, policyHolderAge=11.0, tenureInMonths=420]
2022-03-05 15:34:52,921  INFO [main] UserInterface:55 - PolicyReportDTO [policyNumber=WP-100098, policyHolderName=Tim, policyHolderAge=29.0, tenureInMonths=330]
2022-03-05 15:34:52,921  INFO [main] UserInterface:55 - PolicyReportDTO [policyNumber=WP-887132, policyHolderName=Alia, policyHolderAge=39.0, tenureInMonths=252]
2022-03-05 15:34:52,923  INFO [main] UserInterface:55 - PolicyReportDTO [policyNumber=WP-000057, policyHolderName=Ranger, policyHolderAge=58.0, tenureInMonths=84]
2022-03-05 15:34:52,924  INFO [main] UserInterface:55 - PolicyReportDTO [policyNumber=WP-678997, policyHolderName=Peter, policyHolderAge=8.0, tenureInMonths=240]
